<?xml version="1.0" encoding="UTF-8"?>
<!-- Generated by org.testng.reporters.JUnitXMLReporter -->
<testsuite ignored="0" hostname="LAPTOP-TAMAT1FM" failures="0" tests="7" name="TestKwwCYService" time="1.354" errors="0" timestamp="31 7月 2023 02:55:07 GMT">
  <testcase classname="com.test.TestKwwCYService" name="getToken" time="0.269"/>
  <testcase classname="com.test.TestKwwCYService" name="applylistToGetappid" time="0.172"/>
  <testcase classname="com.test.TestKwwCYService" name="v1WeappManagerApplyContentLimit" time="0.162"/>
  <testcase classname="com.test.TestKwwCYService" name="邀请v1WeappInviteMember" time="0.21"/>
  <testcase classname="com.test.TestKwwCYService" name="v1MobileWeappUserSearch" time="0.178"/>
  <testcase classname="com.test.TestKwwCYService" name="权限变更v1WeappManagerUserUpdateRole" time="0.179"/>
  <testcase classname="com.test.TestKwwCYService" name="删除成员v1WeappManagerDeleteUser" time="0.179"/>
</testsuite> <!-- TestKwwCYService -->
