<?xml version="1.0" encoding="UTF-8"?>
<!-- Generated by org.testng.reporters.JUnitXMLReporter -->
<testsuite ignored="0" hostname="LAPTOP-TAMAT1FM" failures="0" tests="9" name="TestKwwXCXService" time="2.03" errors="0" timestamp="31 7月 2023 02:55:06 GMT">
  <testcase classname="com.test.TestKwwXCXService" name="getToken" time="0.285"/>
  <testcase classname="com.test.TestKwwXCXService" name="applylistToGetappid" time="0.19"/>
  <testcase classname="com.test.TestKwwXCXService" name="apiV1WxThirdPartyWeappGetFailPop" time="0.203"/>
  <testcase classname="com.test.TestKwwXCXService" name="apiV1WxThirdPartyHomeClassid" time="0.179"/>
  <testcase classname="com.test.TestKwwXCXService" name="Getv1WeappApplyFooterCategory" time="0.159"/>
  <testcase classname="com.test.TestKwwXCXService" name="v1WeappManagerHeaderNav" time="0.174"/>
  <testcase classname="com.test.TestKwwXCXService" name="Postv1WeappApplyFooterCategory" time="0.193"/>
  <testcase classname="com.test.TestKwwXCXService" name="v1WxThirdPartyHomeClassidAppType2" time="0.177"/>
  <testcase classname="com.test.TestKwwXCXService" name="小程序详情v1WxThirdPartyWeappAppidDetail" time="0.465"/>
</testsuite> <!-- TestKwwXCXService -->
