<?xml version="1.0" encoding="UTF-8"?>
<!-- Generated by org.testng.reporters.JUnitXMLReporter -->
<testsuite ignored="0" hostname="LAPTOP-TAMAT1FM" failures="0" tests="14" name="TestKwwJXService" time="2.96" errors="0" timestamp="31 7月 2023 02:55:40 GMT">
  <testcase classname="com.test.TestKwwJXService" name="getToken" time="0.252"/>
  <testcase classname="com.test.TestKwwJXService" name="applylistToGetappid" time="0.164"/>
  <testcase classname="com.test.TestKwwJXService" name="班级管理创建weappManagerClassCreateInfo" time="0.173"/>
  <testcase classname="com.test.TestKwwJXService" name="班级添加班主任weappManagerClassisManager1" time="0.195"/>
  <testcase classname="com.test.TestKwwJXService" name="班级添加教师weappManagerClassisManager0" time="0.207"/>
  <testcase classname="com.test.TestKwwJXService" name="班级中角色listManagerClassAllMembers" time="0.181"/>
  <testcase classname="com.test.TestKwwJXService" name="班级管理通知weappClassNotifys" time="0.179"/>
  <testcase classname="com.test.TestKwwJXService" name="班级管理ListManagerClassClassInfosPage" time="0.183"/>
  <testcase classname="com.test.TestKwwJXService" name="班级管理删除班级weappManagerClassClassInfoId" time="0.25"/>
  <testcase classname="com.test.TestKwwJXService" name="教师管理添加教师weappManagerClassTeacher" time="0.184"/>
  <testcase classname="com.test.TestKwwJXService" name="教师管理删除教师weappManagerClassTeacherId" time="0.185"/>
  <testcase classname="com.test.TestKwwJXService" name="教师管理LISTmanagerClassTeachers" time="0.193"/>
  <testcase classname="com.test.TestKwwJXService" name="发布通知weappManagerClassNotifyNotice" time="0.425"/>
  <testcase classname="com.test.TestKwwJXService" name="发布通知ListWeappManagerClassNotifyList" time="0.182"/>
</testsuite> <!-- TestKwwJXService -->
