<?xml version="1.0" encoding="UTF-8"?>
<!-- Generated by org.testng.reporters.JUnitXMLReporter -->
<testsuite ignored="0" hostname="LAPTOP-TAMAT1FM" failures="0" tests="35" name="TestKwwYYService" time="15.908" errors="0" timestamp="31 7月 2023 02:55:37 GMT">
  <testcase classname="com.test.TestKwwYYService" name="getToken" time="0.801"/>
  <testcase classname="com.test.TestKwwYYService" name="applylistToGetappid" time="0.183"/>
  <testcase classname="com.test.TestKwwYYService" name="AI助手LISTweappManagerAiAssistantList" time="0.175"/>
  <testcase classname="com.test.TestKwwYYService" name="创建AI助手weappManagerAiAssistant" time="1.44"/>
  <testcase classname="com.test.TestKwwYYService" name="AI内容库添加内容weappManagerAiAssistantLibrary" time="3.139"/>
  <testcase classname="com.test.TestKwwYYService" name="AI助手内容库ListWeappManagerAiAssistantLibraryList" time="0.174"/>
  <testcase classname="com.test.TestKwwYYService" name="AI助手内容库内容同步managerAiAssistantUnsyncCountAssistantId" time="0.166"/>
  <testcase classname="com.test.TestKwwYYService" name="内容库删除managerAiAssistantLibraryNRID" time="4.123"/>
  <testcase classname="com.test.TestKwwYYService" name="AI助手提问v2AiQuestionAnswer" time="0.373"/>
  <testcase classname="com.test.TestKwwYYService" name="AI助手设置weappManagerAiAssistantDetail" time="0.184"/>
  <testcase classname="com.test.TestKwwYYService" name="修改AI助手weappManagerAiAssistant" time="0.41"/>
  <testcase classname="com.test.TestKwwYYService" name="AI助手查看分析数据weappManagerAiAssistantQuestionAnswerList" time="0.168"/>
  <testcase classname="com.test.TestKwwYYService" name="AI助手回答点赞踩统计weappManagerAiAssistantQuestionAnswerLikeNumber" time="0.159"/>
  <testcase classname="com.test.TestKwwYYService" name="删除AI助手weappManagerAiAssistant" time="0.598"/>
  <testcase classname="com.test.TestKwwYYService" name="订单查询managerMallOrdersSearch" time="0.169"/>
  <testcase classname="com.test.TestKwwYYService" name="推广员已通过审核LISTmanagerMarketCenterSalesListAuditStatus1" time="0.177"/>
  <testcase classname="com.test.TestKwwYYService" name="推广员待审核LISTmanagerMarketCenterSalesListAuditStatus2" time="0.169"/>
  <testcase classname="com.test.TestKwwYYService" name="推广内容LISTweappMarketCenterProductList" time="0.171"/>
  <testcase classname="com.test.TestKwwYYService" name="添加推广内容weappManagerMarketCenterProduct" time="0.192"/>
  <testcase classname="com.test.TestKwwYYService" name="编辑推广内容weappManagerMarketCenterProduct" time="0.182"/>
  <testcase classname="com.test.TestKwwYYService" name="删除推广内容managerMarketCenterProductId" time="0.183"/>
  <testcase classname="com.test.TestKwwYYService" name="招募计划确认编辑weappManagerMarketCenterRecruitment" time="0.176"/>
  <testcase classname="com.test.TestKwwYYService" name="提现管理未打款LISTweappManagerMarketCenterSalesWithdrawSearch" time="0.18"/>
  <testcase classname="com.test.TestKwwYYService" name="提现管理已打款weappManagerMarketCenterSalesWithdrawSearchPage1" time="0.172"/>
  <testcase classname="com.test.TestKwwYYService" name="提现管理已拒绝weappManagerMarketCenterSalesWithdrawSearchPage1" time="0.173"/>
  <testcase classname="com.test.TestKwwYYService" name="钱包流水记录LISTweappManagerWalletFlowSearch" time="0.172"/>
  <testcase classname="com.test.TestKwwYYService" name="用户分类管理用户列表weappManagerCollectionResultSearch" time="0.181"/>
  <testcase classname="com.test.TestKwwYYService" name="用户列表导出数据weappManagerCollectionResultExport" time="0.234"/>
  <testcase classname="com.test.TestKwwYYService" name="采集信息设置weappManagerCollectionConfig" time="0.192"/>
  <testcase classname="com.test.TestKwwYYService" name="添加会员卡weappManagerPaySetting" time="0.185"/>
  <testcase classname="com.test.TestKwwYYService" name="会员卡设置LISTweappManagerPaySettingList" time="0.169"/>
  <testcase classname="com.test.TestKwwYYService" name="删除会员卡weappManagerPaySettingId" time="0.17"/>
  <testcase classname="com.test.TestKwwYYService" name="付费折扣权益添加商品weappManagerPaySettingDiscountItemBatchAdd" time="0.212"/>
  <testcase classname="com.test.TestKwwYYService" name="付费折扣权益LISTmanagerPaySettingDiscountItemList" time="0.164"/>
  <testcase classname="com.test.TestKwwYYService" name="付费折扣权益商品移除weappManagerPaySettingDiscountItem" time="0.174"/>
</testsuite> <!-- TestKwwYYService -->
