<?xml version="1.0" encoding="UTF-8"?>
<!-- Generated by org.testng.reporters.JUnitXMLReporter -->
<testsuite ignored="0" hostname="LAPTOP-TAMAT1FM" failures="0" tests="41" name="TestKwwGKService" time="11.262" errors="0" timestamp="31 7月 2023 02:54:59 GMT">
  <testcase classname="com.test.TestKwwGKService" name="LoginKwauthLogin" time="1.437"/>
  <testcase classname="com.test.TestKwwGKService" name="写文章入口isRealnameAuth" time="0.256"/>
  <testcase classname="com.test.TestKwwGKService" name="私密文章发布apiV2Articles" time="0.626"/>
  <testcase classname="com.test.TestKwwGKService" name="公开文章发布articles" time="0.476"/>
  <testcase classname="com.test.TestKwwGKService" name="线上中心项目v1WeappManagerApplylist" time="0.217"/>
  <testcase classname="com.test.TestKwwGKService" name="开问线上中心登录项目v1PersonsInformationbasic" time="0.196"/>
  <testcase classname="com.test.TestKwwGKService" name="线上中心文章listArticlePublicSearch" time="0.271"/>
  <testcase classname="com.test.TestKwwGKService" name="在线中心创建文章v1WeappManagerArticles" time="0.495"/>
  <testcase classname="com.test.TestKwwGKService" name="在线中心文章编辑页v1ArticlesEdit" time="0.203"/>
  <testcase classname="com.test.TestKwwGKService" name="线上中心活动v1WeappManagerActivitylist" time="0.205"/>
  <testcase classname="com.test.TestKwwGKService" name="线上中心活动v1CommonsJudgesSensitivewords" time="0.216"/>
  <testcase classname="com.test.TestKwwGKService" name="在线中心云协作v1WeappManagerProjectlsit" time="0.205"/>
  <testcase classname="com.test.TestKwwGKService" name="在线中心圈子v1WeappManagerCirclelsit" time="0.202"/>
  <testcase classname="com.test.TestKwwGKService" name="在线中心创建圈子apiV1circle" time="0.597"/>
  <testcase classname="com.test.TestKwwGKService" name="圈子移出coManagerunbindAuthContent" time="0.222"/>
  <testcase classname="com.test.TestKwwGKService" name="表单v1WeappBlongSurveylsit" time="0.193"/>
  <testcase classname="com.test.TestKwwGKService" name="行业分类tpyeV1SurveyTemplateClass" time="0.172"/>
  <testcase classname="com.test.TestKwwGKService" name="表单模板v1SurveyTemplateList" time="0.189"/>
  <testcase classname="com.test.TestKwwGKService" name="创建空白自定义v1SurveyCreateBlank" time="0.193"/>
  <testcase classname="com.test.TestKwwGKService" name="自动定义控件v1SurveyUpdate" time="0.364"/>
  <testcase classname="com.test.TestKwwGKService" name="自定义表单添加控件v1SurveyQuestion" time="0.369"/>
  <testcase classname="com.test.TestKwwGKService" name="自定义表单发布v1SurveyPublish" time="0.185"/>
  <testcase classname="com.test.TestKwwGKService" name="表单删除apiV1SurveyDelete" time="0.192"/>
  <testcase classname="com.test.TestKwwGKService" name="线上中心表单已授权v1WeappAuthedSurveytabList" time="0.17"/>
  <testcase classname="com.test.TestKwwGKService" name="创建商品v1WeappManagerMallgoods" time="0.235"/>
  <testcase classname="com.test.TestKwwGKService" name="商品下架v1WeappManagerMallisOnSale" time="0.187"/>
  <testcase classname="com.test.TestKwwGKService" name="删除商品v1WeappManagerMalldelete" time="0.211"/>
  <testcase classname="com.test.TestKwwGKService" name="商品操作日志mallGoodsLogspageList" time="0.169"/>
  <testcase classname="com.test.TestKwwGKService" name="在线中心文集v1WeappManagerPageList" time="0.181"/>
  <testcase classname="com.test.TestKwwGKService" name="创建文集v1WeappManagerColumnInfo" time="0.19"/>
  <testcase classname="com.test.TestKwwGKService" name="文集详情v1WeappManagerColumnInfodetail" time="0.174"/>
  <testcase classname="com.test.TestKwwGKService" name="文集下架v1WeappManagerisOnSale" time="0.204"/>
  <testcase classname="com.test.TestKwwGKService" name="文集编辑PUTcolumnInfo" time="0.197"/>
  <testcase classname="com.test.TestKwwGKService" name="删除文集v1WeappManagerdelete" time="0.195"/>
  <testcase classname="com.test.TestKwwGKService" name="相册list" time="0.203"/>
  <testcase classname="com.test.TestKwwGKService" name="创建相册albumInfo" time="0.199"/>
  <testcase classname="com.test.TestKwwGKService" name="删除相册delete" time="0.173"/>
  <testcase classname="com.test.TestKwwGKService" name="专栏v1WxThirdPartyWeappFirstClasspageList" time="0.187"/>
  <testcase classname="com.test.TestKwwGKService" name="专栏模板templateList" time="0.187"/>
  <testcase classname="com.test.TestKwwGKService" name="专栏空白创建v1WxThirdPartyWeappclass" time="0.247"/>
  <testcase classname="com.test.TestKwwGKService" name="删除专栏v1WxThirdPartyWeappdelete" time="0.189"/>
</testsuite> <!-- TestKwwGKService -->
