<?xml version="1.0" encoding="UTF-8"?>
<!-- Generated by org.testng.reporters.JUnitXMLReporter -->
<testsuite hostname="F17DSK3" ignored="0" name="GateWayService" tests="13" failures="0" timestamp="09 十一月 2022 11:44:01 GMT" time="10.172" errors="0">
  <testcase name="deletereceiveraddress" time="5.473" classname="com.test.TestGateWayService"/>
  <testcase name="getactivityurl" time="0.369" classname="com.test.TestGateWayService"/>
  <testcase name="getadvertisementimage" time="0.366" classname="com.test.TestGateWayService"/>
  <testcase name="getallcity" time="0.883" classname="com.test.TestGateWayService"/>
  <testcase name="getallreceiveraddress" time="0.294" classname="com.test.TestGateWayService"/>
  <testcase name="getcontributiondeaillist" time="0.375" classname="com.test.TestGateWayService"/>
  <testcase name="getexchangelist" time="0.241" classname="com.test.TestGateWayService"/>
  <testcase name="getinfo兑换详情" time="0.44" classname="com.test.TestGateWayService"/>
  <testcase name="getjoblist" time="0.206" classname="com.test.TestGateWayService"/>
  <testcase name="getmyapplycourselist" time="0.277" classname="com.test.TestGateWayService"/>
  <testcase name="getquestions" time="0.371" classname="com.test.TestGateWayService"/>
  <testcase name="gettaskinfo" time="0.408" classname="com.test.TestGateWayService"/>
  <testcase name="savereceiveraddress" time="0.453" classname="com.test.TestGateWayService"/>
</testsuite> <!-- GateWayService -->
