<?xml version="1.0" encoding="UTF-8"?>
<!-- Generated by org.testng.reporters.JUnitXMLReporter -->
<testsuite hostname="F17DSK3" ignored="0" name="StaffingService" tests="15" failures="0" timestamp="09 十一月 2022 11:44:06 GMT" time="5.241" errors="0">
  <testcase name="addbankcards" time="0.191" classname="com.test.TestStaffingService"/>
  <testcase name="getadvertisementimage" time="0.27" classname="com.test.TestStaffingService"/>
  <testcase name="getbankcards" time="0.213" classname="com.test.TestStaffingService"/>
  <testcase name="getpersonalsummaryInfo" time="0.316" classname="com.test.TestStaffingService"/>
  <testcase name="gettaskfavorite" time="0.261" classname="com.test.TestStaffingService"/>
  <testcase name="issubscribewxservice服务号" time="0.247" classname="com.test.TestStaffingService"/>
  <testcase name="v531Getinfo" time="1.148" classname="com.test.TestStaffingService"/>
  <testcase name="个人信息" time="1.086" classname="com.test.TestStaffingService"/>
  <testcase name="任务列表" time="0.216" classname="com.test.TestStaffingService"/>
  <testcase name="任务详情" time="0.215" classname="com.test.TestStaffingService"/>
  <testcase name="协议gettaskagreements" time="0.17" classname="com.test.TestStaffingService"/>
  <testcase name="合作详情已结束" time="0.232" classname="com.test.TestStaffingService"/>
  <testcase name="我的报名信息" time="0.193" classname="com.test.TestStaffingService"/>
  <testcase name="我的签约信息" time="0.299" classname="com.test.TestStaffingService"/>
  <testcase name="报名详情" time="0.179" classname="com.test.TestStaffingService"/>
</testsuite> <!-- StaffingService -->
