<?xml version="1.0" encoding="UTF-8"?>
<!-- Generated by org.testng.reporters.JUnitXMLReporter -->
<testsuite hostname="F17DSK3" ignored="0" name="StaffingService" tests="15" failures="0" timestamp="07 九月 2022 06:40:24 GMT" time="4.997" errors="0">
  <testcase name="addbankcards" time="0.211" classname="com.test.TestStaffingService"/>
  <testcase name="getadvertisementimage" time="0.263" classname="com.test.TestStaffingService"/>
  <testcase name="getbankcards" time="0.184" classname="com.test.TestStaffingService"/>
  <testcase name="getpersonalsummaryInfo" time="0.196" classname="com.test.TestStaffingService"/>
  <testcase name="gettaskfavorite" time="0.254" classname="com.test.TestStaffingService"/>
  <testcase name="issubscribewxservice服务号" time="0.179" classname="com.test.TestStaffingService"/>
  <testcase name="v531Getinfo" time="1.259" classname="com.test.TestStaffingService"/>
  <testcase name="个人信息" time="1.031" classname="com.test.TestStaffingService"/>
  <testcase name="任务列表" time="0.183" classname="com.test.TestStaffingService"/>
  <testcase name="任务详情" time="0.175" classname="com.test.TestStaffingService"/>
  <testcase name="协议gettaskagreements" time="0.172" classname="com.test.TestStaffingService"/>
  <testcase name="合作详情已结束" time="0.194" classname="com.test.TestStaffingService"/>
  <testcase name="我的报名信息" time="0.196" classname="com.test.TestStaffingService"/>
  <testcase name="我的签约信息" time="0.269" classname="com.test.TestStaffingService"/>
  <testcase name="报名详情" time="0.227" classname="com.test.TestStaffingService"/>
</testsuite> <!-- StaffingService -->
