<?xml version="1.0" encoding="UTF-8"?>
<!-- Generated by org.testng.reporters.JUnitXMLReporter -->
<testsuite hostname="F17DSK3" ignored="0" name="WnsService" tests="12" failures="0" timestamp="09 十一月 2022 11:44:10 GMT" time="3.437" errors="0">
  <testcase name="Merchant合作商户" time="0.216" classname="com.test.TestWnsService"/>
  <testcase name="getcontent" time="0.188" classname="com.test.TestWnsService"/>
  <testcase name="getidcardinfo" time="0.203" classname="com.test.TestWnsService"/>
  <testcase name="getmobiles" time="0.268" classname="com.test.TestWnsService"/>
  <testcase name="getnotsettleinfo" time="0.208" classname="com.test.TestWnsService"/>
  <testcase name="getsettlementscount" time="0.269" classname="com.test.TestWnsService"/>
  <testcase name="我的签约wns" time="0.192" classname="com.test.TestWnsService"/>
  <testcase name="打款失败订单" time="0.172" classname="com.test.TestWnsService"/>
  <testcase name="批量结算列表" time="0.219" classname="com.test.TestWnsService"/>
  <testcase name="服务号ssubscribewxservice" time="0.22" classname="com.test.TestWnsService"/>
  <testcase name="结算收入" time="0.207" classname="com.test.TestWnsService"/>
  <testcase name="获取个人信息" time="1.074" classname="com.test.TestWnsService"/>
</testsuite> <!-- WnsService -->
