<?xml version="1.0" encoding="UTF-8"?>
<!-- Generated by org.testng.reporters.JUnitXMLReporter -->
<testsuite hostname="F17DSK3" ignored="0" name="WnsService" tests="12" failures="0" timestamp="07 九月 2022 06:40:27 GMT" time="2.956" errors="0">
  <testcase name="Merchant合作商户" time="0.38" classname="com.test.TestWnsService"/>
  <testcase name="getcontent" time="0.175" classname="com.test.TestWnsService"/>
  <testcase name="getidcardinfo" time="0.283" classname="com.test.TestWnsService"/>
  <testcase name="getmobiles" time="0.278" classname="com.test.TestWnsService"/>
  <testcase name="getnotsettleinfo" time="0.183" classname="com.test.TestWnsService"/>
  <testcase name="getsettlementscount" time="0.258" classname="com.test.TestWnsService"/>
  <testcase name="我的签约wns" time="0.275" classname="com.test.TestWnsService"/>
  <testcase name="打款失败订单" time="0.186" classname="com.test.TestWnsService"/>
  <testcase name="批量结算列表" time="0.287" classname="com.test.TestWnsService"/>
  <testcase name="服务号ssubscribewxservice" time="0.17" classname="com.test.TestWnsService"/>
  <testcase name="结算收入" time="0.182" classname="com.test.TestWnsService"/>
  <testcase name="获取个人信息" time="0.296" classname="com.test.TestWnsService"/>
</testsuite> <!-- WnsService -->
