<?xml version="1.0" encoding="UTF-8"?>
<testng-results skipped="0" failed="0" ignored="0" total="40" passed="40">
  <reporter-output>
  </reporter-output>
  <suite name="C-api-Master-AutoTest" duration-ms="18867" started-at="2022-11-09T11:43:51Z" finished-at="2022-11-09T11:44:10Z">
    <groups>
    </groups>
    <test name="GateWayService" duration-ms="10172" started-at="2022-11-09T11:43:51Z" finished-at="2022-11-09T11:44:01Z">
      <class name="com.test.TestGateWayService">
        <test-method status="PASS" signature="setup()[pri:0, instance:com.test.TestGateWayService@7ca48474]" name="setup" is-config="true" duration-ms="6" started-at="2022-11-09T11:43:51Z" finished-at="2022-11-09T11:43:51Z">
          <reporter-output>
          </reporter-output>
        </test-method> <!-- setup -->
        <test-method status="PASS" signature="deletereceiveraddress()[pri:0, instance:com.test.TestGateWayService@7ca48474]" name="deletereceiveraddress" duration-ms="5473" started-at="2022-11-09T11:43:51Z" finished-at="2022-11-09T11:43:56Z">
          <reporter-output>
          </reporter-output>
        </test-method> <!-- deletereceiveraddress -->
        <test-method status="PASS" signature="getactivityurl()[pri:0, instance:com.test.TestGateWayService@7ca48474]" name="getactivityurl" duration-ms="369" started-at="2022-11-09T11:43:56Z" finished-at="2022-11-09T11:43:57Z">
          <reporter-output>
          </reporter-output>
        </test-method> <!-- getactivityurl -->
        <test-method status="PASS" signature="getadvertisementimage()[pri:0, instance:com.test.TestGateWayService@7ca48474]" name="getadvertisementimage" duration-ms="366" started-at="2022-11-09T11:43:57Z" finished-at="2022-11-09T11:43:57Z">
          <reporter-output>
          </reporter-output>
        </test-method> <!-- getadvertisementimage -->
        <test-method status="PASS" signature="getallcity()[pri:0, instance:com.test.TestGateWayService@7ca48474]" name="getallcity" duration-ms="883" started-at="2022-11-09T11:43:57Z" finished-at="2022-11-09T11:43:58Z">
          <reporter-output>
          </reporter-output>
        </test-method> <!-- getallcity -->
        <test-method status="PASS" signature="getallreceiveraddress()[pri:0, instance:com.test.TestGateWayService@7ca48474]" name="getallreceiveraddress" duration-ms="294" started-at="2022-11-09T11:43:58Z" finished-at="2022-11-09T11:43:58Z">
          <reporter-output>
          </reporter-output>
        </test-method> <!-- getallreceiveraddress -->
        <test-method status="PASS" signature="getcontributiondeaillist()[pri:0, instance:com.test.TestGateWayService@7ca48474]" name="getcontributiondeaillist" duration-ms="375" started-at="2022-11-09T11:43:58Z" finished-at="2022-11-09T11:43:59Z">
          <reporter-output>
          </reporter-output>
        </test-method> <!-- getcontributiondeaillist -->
        <test-method status="PASS" signature="getexchangelist()[pri:0, instance:com.test.TestGateWayService@7ca48474]" name="getexchangelist" duration-ms="241" started-at="2022-11-09T11:43:59Z" finished-at="2022-11-09T11:43:59Z">
          <reporter-output>
          </reporter-output>
        </test-method> <!-- getexchangelist -->
        <test-method status="PASS" signature="getinfo兑换详情()[pri:0, instance:com.test.TestGateWayService@7ca48474]" name="getinfo兑换详情" duration-ms="440" started-at="2022-11-09T11:43:59Z" finished-at="2022-11-09T11:43:59Z">
          <reporter-output>
          </reporter-output>
        </test-method> <!-- getinfo兑换详情 -->
        <test-method status="PASS" signature="getjoblist()[pri:0, instance:com.test.TestGateWayService@7ca48474]" name="getjoblist" duration-ms="206" started-at="2022-11-09T11:43:59Z" finished-at="2022-11-09T11:43:59Z">
          <reporter-output>
          </reporter-output>
        </test-method> <!-- getjoblist -->
        <test-method status="PASS" signature="getmyapplycourselist()[pri:0, instance:com.test.TestGateWayService@7ca48474]" name="getmyapplycourselist" duration-ms="277" started-at="2022-11-09T11:43:59Z" finished-at="2022-11-09T11:44:00Z">
          <reporter-output>
          </reporter-output>
        </test-method> <!-- getmyapplycourselist -->
        <test-method status="PASS" signature="getquestions()[pri:0, instance:com.test.TestGateWayService@7ca48474]" name="getquestions" duration-ms="371" started-at="2022-11-09T11:44:00Z" finished-at="2022-11-09T11:44:00Z">
          <reporter-output>
          </reporter-output>
        </test-method> <!-- getquestions -->
        <test-method status="PASS" signature="gettaskinfo()[pri:0, instance:com.test.TestGateWayService@7ca48474]" name="gettaskinfo" duration-ms="408" started-at="2022-11-09T11:44:00Z" finished-at="2022-11-09T11:44:01Z">
          <reporter-output>
          </reporter-output>
        </test-method> <!-- gettaskinfo -->
        <test-method status="PASS" signature="savereceiveraddress()[pri:0, instance:com.test.TestGateWayService@7ca48474]" name="savereceiveraddress" duration-ms="453" started-at="2022-11-09T11:44:01Z" finished-at="2022-11-09T11:44:01Z">
          <reporter-output>
          </reporter-output>
        </test-method> <!-- savereceiveraddress -->
        <test-method status="PASS" signature="teardown()[pri:0, instance:com.test.TestGateWayService@7ca48474]" name="teardown" is-config="true" duration-ms="0" started-at="2022-11-09T11:44:01Z" finished-at="2022-11-09T11:44:01Z">
          <reporter-output>
          </reporter-output>
        </test-method> <!-- teardown -->
      </class> <!-- com.test.TestGateWayService -->
    </test> <!-- GateWayService -->
    <test name="StaffingService" duration-ms="5241" started-at="2022-11-09T11:44:01Z" finished-at="2022-11-09T11:44:06Z">
      <class name="com.test.TestStaffingService">
        <test-method status="PASS" signature="setup()[pri:0, instance:com.test.TestStaffingService@32d992b2]" name="setup" is-config="true" duration-ms="1" started-at="2022-11-09T11:44:01Z" finished-at="2022-11-09T11:44:01Z">
          <reporter-output>
          </reporter-output>
        </test-method> <!-- setup -->
        <test-method status="PASS" signature="addbankcards()[pri:0, instance:com.test.TestStaffingService@32d992b2]" name="addbankcards" duration-ms="191" started-at="2022-11-09T11:44:01Z" finished-at="2022-11-09T11:44:01Z">
          <reporter-output>
          </reporter-output>
        </test-method> <!-- addbankcards -->
        <test-method status="PASS" signature="getadvertisementimage()[pri:0, instance:com.test.TestStaffingService@32d992b2]" name="getadvertisementimage" duration-ms="270" started-at="2022-11-09T11:44:01Z" finished-at="2022-11-09T11:44:01Z">
          <reporter-output>
          </reporter-output>
        </test-method> <!-- getadvertisementimage -->
        <test-method status="PASS" signature="getbankcards()[pri:0, instance:com.test.TestStaffingService@32d992b2]" name="getbankcards" duration-ms="213" started-at="2022-11-09T11:44:01Z" finished-at="2022-11-09T11:44:02Z">
          <reporter-output>
          </reporter-output>
        </test-method> <!-- getbankcards -->
        <test-method status="PASS" signature="getpersonalsummaryInfo()[pri:0, instance:com.test.TestStaffingService@32d992b2]" name="getpersonalsummaryInfo" duration-ms="316" started-at="2022-11-09T11:44:02Z" finished-at="2022-11-09T11:44:02Z">
          <reporter-output>
          </reporter-output>
        </test-method> <!-- getpersonalsummaryInfo -->
        <test-method status="PASS" signature="gettaskfavorite()[pri:0, instance:com.test.TestStaffingService@32d992b2]" name="gettaskfavorite" duration-ms="261" started-at="2022-11-09T11:44:02Z" finished-at="2022-11-09T11:44:02Z">
          <reporter-output>
          </reporter-output>
        </test-method> <!-- gettaskfavorite -->
        <test-method status="PASS" signature="issubscribewxservice服务号()[pri:0, instance:com.test.TestStaffingService@32d992b2]" name="issubscribewxservice服务号" duration-ms="247" started-at="2022-11-09T11:44:02Z" finished-at="2022-11-09T11:44:02Z">
          <reporter-output>
          </reporter-output>
        </test-method> <!-- issubscribewxservice服务号 -->
        <test-method status="PASS" signature="v531Getinfo()[pri:0, instance:com.test.TestStaffingService@32d992b2]" name="v531Getinfo" duration-ms="1148" started-at="2022-11-09T11:44:02Z" finished-at="2022-11-09T11:44:04Z">
          <reporter-output>
          </reporter-output>
        </test-method> <!-- v531Getinfo -->
        <test-method status="PASS" signature="个人信息()[pri:0, instance:com.test.TestStaffingService@32d992b2]" name="个人信息" duration-ms="1086" started-at="2022-11-09T11:44:04Z" finished-at="2022-11-09T11:44:05Z">
          <reporter-output>
          </reporter-output>
        </test-method> <!-- 个人信息 -->
        <test-method status="PASS" signature="任务列表()[pri:0, instance:com.test.TestStaffingService@32d992b2]" name="任务列表" duration-ms="216" started-at="2022-11-09T11:44:05Z" finished-at="2022-11-09T11:44:05Z">
          <reporter-output>
          </reporter-output>
        </test-method> <!-- 任务列表 -->
        <test-method status="PASS" signature="任务详情()[pri:0, instance:com.test.TestStaffingService@32d992b2]" name="任务详情" duration-ms="215" started-at="2022-11-09T11:44:05Z" finished-at="2022-11-09T11:44:05Z">
          <reporter-output>
          </reporter-output>
        </test-method> <!-- 任务详情 -->
        <test-method status="PASS" signature="协议gettaskagreements()[pri:0, instance:com.test.TestStaffingService@32d992b2]" name="协议gettaskagreements" duration-ms="170" started-at="2022-11-09T11:44:05Z" finished-at="2022-11-09T11:44:05Z">
          <reporter-output>
          </reporter-output>
        </test-method> <!-- 协议gettaskagreements -->
        <test-method status="PASS" signature="合作详情已结束()[pri:0, instance:com.test.TestStaffingService@32d992b2]" name="合作详情已结束" duration-ms="232" started-at="2022-11-09T11:44:05Z" finished-at="2022-11-09T11:44:06Z">
          <reporter-output>
          </reporter-output>
        </test-method> <!-- 合作详情已结束 -->
        <test-method status="PASS" signature="我的报名信息()[pri:0, instance:com.test.TestStaffingService@32d992b2]" name="我的报名信息" duration-ms="193" started-at="2022-11-09T11:44:06Z" finished-at="2022-11-09T11:44:06Z">
          <reporter-output>
          </reporter-output>
        </test-method> <!-- 我的报名信息 -->
        <test-method status="PASS" signature="我的签约信息()[pri:0, instance:com.test.TestStaffingService@32d992b2]" name="我的签约信息" duration-ms="299" started-at="2022-11-09T11:44:06Z" finished-at="2022-11-09T11:44:06Z">
          <reporter-output>
          </reporter-output>
        </test-method> <!-- 我的签约信息 -->
        <test-method status="PASS" signature="报名详情()[pri:0, instance:com.test.TestStaffingService@32d992b2]" name="报名详情" duration-ms="179" started-at="2022-11-09T11:44:06Z" finished-at="2022-11-09T11:44:06Z">
          <reporter-output>
          </reporter-output>
        </test-method> <!-- 报名详情 -->
        <test-method status="PASS" signature="teardown()[pri:0, instance:com.test.TestStaffingService@32d992b2]" name="teardown" is-config="true" duration-ms="0" started-at="2022-11-09T11:44:06Z" finished-at="2022-11-09T11:44:06Z">
          <reporter-output>
          </reporter-output>
        </test-method> <!-- teardown -->
      </class> <!-- com.test.TestStaffingService -->
    </test> <!-- StaffingService -->
    <test name="WnsService" duration-ms="3437" started-at="2022-11-09T11:44:06Z" finished-at="2022-11-09T11:44:10Z">
      <class name="com.test.TestWnsService">
        <test-method status="PASS" signature="setup()[pri:0, instance:com.test.TestWnsService@6cc4c815]" name="setup" is-config="true" duration-ms="0" started-at="2022-11-09T11:44:06Z" finished-at="2022-11-09T11:44:06Z">
          <reporter-output>
          </reporter-output>
        </test-method> <!-- setup -->
        <test-method status="PASS" signature="Merchant合作商户()[pri:0, instance:com.test.TestWnsService@6cc4c815]" name="Merchant合作商户" duration-ms="216" started-at="2022-11-09T11:44:06Z" finished-at="2022-11-09T11:44:06Z">
          <reporter-output>
          </reporter-output>
        </test-method> <!-- Merchant合作商户 -->
        <test-method status="PASS" signature="getcontent()[pri:0, instance:com.test.TestWnsService@6cc4c815]" name="getcontent" duration-ms="188" started-at="2022-11-09T11:44:06Z" finished-at="2022-11-09T11:44:07Z">
          <reporter-output>
          </reporter-output>
        </test-method> <!-- getcontent -->
        <test-method status="PASS" signature="getidcardinfo()[pri:0, instance:com.test.TestWnsService@6cc4c815]" name="getidcardinfo" duration-ms="203" started-at="2022-11-09T11:44:07Z" finished-at="2022-11-09T11:44:07Z">
          <reporter-output>
          </reporter-output>
        </test-method> <!-- getidcardinfo -->
        <test-method status="PASS" signature="getmobiles()[pri:0, instance:com.test.TestWnsService@6cc4c815]" name="getmobiles" duration-ms="268" started-at="2022-11-09T11:44:07Z" finished-at="2022-11-09T11:44:07Z">
          <reporter-output>
          </reporter-output>
        </test-method> <!-- getmobiles -->
        <test-method status="PASS" signature="getnotsettleinfo()[pri:0, instance:com.test.TestWnsService@6cc4c815]" name="getnotsettleinfo" duration-ms="208" started-at="2022-11-09T11:44:07Z" finished-at="2022-11-09T11:44:07Z">
          <reporter-output>
          </reporter-output>
        </test-method> <!-- getnotsettleinfo -->
        <test-method status="PASS" signature="getsettlementscount()[pri:0, instance:com.test.TestWnsService@6cc4c815]" name="getsettlementscount" duration-ms="269" started-at="2022-11-09T11:44:07Z" finished-at="2022-11-09T11:44:08Z">
          <reporter-output>
          </reporter-output>
        </test-method> <!-- getsettlementscount -->
        <test-method status="PASS" signature="我的签约wns()[pri:0, instance:com.test.TestWnsService@6cc4c815]" name="我的签约wns" duration-ms="192" started-at="2022-11-09T11:44:08Z" finished-at="2022-11-09T11:44:08Z">
          <reporter-output>
          </reporter-output>
        </test-method> <!-- 我的签约wns -->
        <test-method status="PASS" signature="打款失败订单()[pri:0, instance:com.test.TestWnsService@6cc4c815]" name="打款失败订单" duration-ms="172" started-at="2022-11-09T11:44:08Z" finished-at="2022-11-09T11:44:08Z">
          <reporter-output>
          </reporter-output>
        </test-method> <!-- 打款失败订单 -->
        <test-method status="PASS" signature="批量结算列表()[pri:0, instance:com.test.TestWnsService@6cc4c815]" name="批量结算列表" duration-ms="219" started-at="2022-11-09T11:44:08Z" finished-at="2022-11-09T11:44:08Z">
          <reporter-output>
          </reporter-output>
        </test-method> <!-- 批量结算列表 -->
        <test-method status="PASS" signature="服务号ssubscribewxservice()[pri:0, instance:com.test.TestWnsService@6cc4c815]" name="服务号ssubscribewxservice" duration-ms="220" started-at="2022-11-09T11:44:08Z" finished-at="2022-11-09T11:44:08Z">
          <reporter-output>
          </reporter-output>
        </test-method> <!-- 服务号ssubscribewxservice -->
        <test-method status="PASS" signature="结算收入()[pri:0, instance:com.test.TestWnsService@6cc4c815]" name="结算收入" duration-ms="207" started-at="2022-11-09T11:44:08Z" finished-at="2022-11-09T11:44:09Z">
          <reporter-output>
          </reporter-output>
        </test-method> <!-- 结算收入 -->
        <test-method status="PASS" signature="获取个人信息()[pri:0, instance:com.test.TestWnsService@6cc4c815]" name="获取个人信息" duration-ms="1074" started-at="2022-11-09T11:44:09Z" finished-at="2022-11-09T11:44:10Z">
          <reporter-output>
          </reporter-output>
        </test-method> <!-- 获取个人信息 -->
        <test-method status="PASS" signature="teardown()[pri:0, instance:com.test.TestWnsService@6cc4c815]" name="teardown" is-config="true" duration-ms="0" started-at="2022-11-09T11:44:10Z" finished-at="2022-11-09T11:44:10Z">
          <reporter-output>
          </reporter-output>
        </test-method> <!-- teardown -->
      </class> <!-- com.test.TestWnsService -->
    </test> <!-- WnsService -->
  </suite> <!-- C-api-Master-AutoTest -->
</testng-results>
