<?xml version="1.0" encoding="UTF-8"?>
<testsuite xmlns:xsi="http://www.w3.org/2001/XMLSchema-instance" xsi:noNamespaceSchemaLocation="https://maven.apache.org/surefire/maven-surefire-plugin/xsd/surefire-test-report.xsd" name="TestSuite" time="56.713" tests="175" errors="0" skipped="0" failures="0">
  <properties>
[...]
</properties>
  <testcase name="LoginKwauthLogin" classname="com.test.TestKwwGKService" time="1.439"/>
  <testcase name="写文章入口isRealnameAuth" classname="com.test.TestKwwGKService" time="0.259"/>
  <testcase name="私密文章发布apiV2Articles" classname="com.test.TestKwwGKService" time="0.626"/>
  <testcase name="公开文章发布articles" classname="com.test.TestKwwGKService" time="0.477"/>
  <testcase name="线上中心项目v1WeappManagerApplylist" classname="com.test.TestKwwGKService" time="0.22"/>
  <testcase name="开问线上中心登录项目v1PersonsInformationbasic" classname="com.test.TestKwwGKService" time="0.194"/>
  <testcase name="线上中心文章listArticlePublicSearch" classname="com.test.TestKwwGKService" time="0.271"/>
  <testcase name="在线中心创建文章v1WeappManagerArticles" classname="com.test.TestKwwGKService" time="0.497"/>
  <testcase name="在线中心文章编辑页v1ArticlesEdit" classname="com.test.TestKwwGKService" time="0.208"/>
  <testcase name="线上中心活动v1WeappManagerActivitylist" classname="com.test.TestKwwGKService" time="0.203"/>
  <testcase name="线上中心活动v1CommonsJudgesSensitivewords" classname="com.test.TestKwwGKService" time="0.216"/>
  <testcase name="在线中心云协作v1WeappManagerProjectlsit" classname="com.test.TestKwwGKService" time="0.209"/>
  <testcase name="在线中心圈子v1WeappManagerCirclelsit" classname="com.test.TestKwwGKService" time="0.216"/>
  <testcase name="在线中心创建圈子apiV1circle" classname="com.test.TestKwwGKService" time="0.582"/>
  <testcase name="圈子移出coManagerunbindAuthContent" classname="com.test.TestKwwGKService" time="0.221"/>
  <testcase name="表单v1WeappBlongSurveylsit" classname="com.test.TestKwwGKService" time="0.193"/>
  <testcase name="行业分类tpyeV1SurveyTemplateClass" classname="com.test.TestKwwGKService" time="0.173"/>
  <testcase name="表单模板v1SurveyTemplateList" classname="com.test.TestKwwGKService" time="0.188"/>
  <testcase name="创建空白自定义v1SurveyCreateBlank" classname="com.test.TestKwwGKService" time="0.193"/>
  <testcase name="自动定义控件v1SurveyUpdate" classname="com.test.TestKwwGKService" time="0.366"/>
  <testcase name="自定义表单添加控件v1SurveyQuestion" classname="com.test.TestKwwGKService" time="0.366"/>
  <testcase name="自定义表单发布v1SurveyPublish" classname="com.test.TestKwwGKService" time="0.184"/>
  <testcase name="表单删除apiV1SurveyDelete" classname="com.test.TestKwwGKService" time="0.193"/>
  <testcase name="线上中心表单已授权v1WeappAuthedSurveytabList" classname="com.test.TestKwwGKService" time="0.17"/>
  <testcase name="创建商品v1WeappManagerMallgoods" classname="com.test.TestKwwGKService" time="0.234"/>
  <testcase name="商品下架v1WeappManagerMallisOnSale" classname="com.test.TestKwwGKService" time="0.186"/>
  <testcase name="删除商品v1WeappManagerMalldelete" classname="com.test.TestKwwGKService" time="0.211"/>
  <testcase name="商品操作日志mallGoodsLogspageList" classname="com.test.TestKwwGKService" time="0.169"/>
  <testcase name="在线中心文集v1WeappManagerPageList" classname="com.test.TestKwwGKService" time="0.181"/>
  <testcase name="创建文集v1WeappManagerColumnInfo" classname="com.test.TestKwwGKService" time="0.191"/>
  <testcase name="文集详情v1WeappManagerColumnInfodetail" classname="com.test.TestKwwGKService" time="0.175"/>
  <testcase name="文集下架v1WeappManagerisOnSale" classname="com.test.TestKwwGKService" time="0.203"/>
  <testcase name="文集编辑PUTcolumnInfo" classname="com.test.TestKwwGKService" time="0.197"/>
  <testcase name="删除文集v1WeappManagerdelete" classname="com.test.TestKwwGKService" time="0.195"/>
  <testcase name="相册list" classname="com.test.TestKwwGKService" time="0.203"/>
  <testcase name="创建相册albumInfo" classname="com.test.TestKwwGKService" time="0.198"/>
  <testcase name="删除相册delete" classname="com.test.TestKwwGKService" time="0.173"/>
  <testcase name="专栏v1WxThirdPartyWeappFirstClasspageList" classname="com.test.TestKwwGKService" time="0.187"/>
  <testcase name="专栏模板templateList" classname="com.test.TestKwwGKService" time="0.186"/>
  <testcase name="专栏空白创建v1WxThirdPartyWeappclass" classname="com.test.TestKwwGKService" time="0.246"/>
  <testcase name="删除专栏v1WxThirdPartyWeappdelete" classname="com.test.TestKwwGKService" time="0.19"/>
  <testcase name="getToken" classname="com.test.TestKwwWzService" time="0.298"/>
  <testcase name="applylistToGetappid" classname="com.test.TestKwwWzService" time="0.167"/>
  <testcase name="首页设计homeClassidGetDatasID" classname="com.test.TestKwwWzService" time="0.168"/>
  <testcase name="classLayoutTypePut" classname="com.test.TestKwwWzService" time="0.172"/>
  <testcase name="classNavStyle" classname="com.test.TestKwwWzService" time="0.169"/>
  <testcase name="classSearchBarOpen" classname="com.test.TestKwwWzService" time="0.174"/>
  <testcase name="classNavLayoutType" classname="com.test.TestKwwWzService" time="0.172"/>
  <testcase name="NewDesignerAllData" classname="com.test.TestKwwWzService" time="0.22"/>
  <testcase name="NavLayoutType" classname="com.test.TestKwwWzService" time="0.169"/>
  <testcase name="headerNavGetId" classname="com.test.TestKwwWzService" time="0.237"/>
  <testcase name="footerCategor" classname="com.test.TestKwwWzService" time="0.167"/>
  <testcase name="headerNav" classname="com.test.TestKwwWzService" time="0.183"/>
  <testcase name="模板库homeClassid" classname="com.test.TestKwwWzService" time="0.182"/>
  <testcase name="模板templateStandardList" classname="com.test.TestKwwWzService" time="0.185"/>
  <testcase name="模板使用emplateStandard" classname="com.test.TestKwwWzService" time="0.2"/>
  <testcase name="userTypeList" classname="com.test.TestKwwWzService" time="0.172"/>
  <testcase name="noticeUnreadNum" classname="com.test.TestKwwWzService" time="0.165"/>
  <testcase name="weappLeftMenuData" classname="com.test.TestKwwWzService" time="0.175"/>
  <testcase name="skinList" classname="com.test.TestKwwWzService" time="0.22"/>
  <testcase name="weappSetSkin" classname="com.test.TestKwwWzService" time="0.171"/>
  <testcase name="手机网站详情websiteAppidDetail" classname="com.test.TestKwwWzService" time="0.178"/>
  <testcase name="手机网站详情保存apiV1WebsiteNicknameAndImg" classname="com.test.TestKwwWzService" time="0.532"/>
  <testcase name="getToken" classname="com.test.TestKwwXCXService" time="0.285"/>
  <testcase name="applylistToGetappid" classname="com.test.TestKwwXCXService" time="0.191"/>
  <testcase name="apiV1WxThirdPartyWeappGetFailPop" classname="com.test.TestKwwXCXService" time="0.203"/>
  <testcase name="apiV1WxThirdPartyHomeClassid" classname="com.test.TestKwwXCXService" time="0.179"/>
  <testcase name="Getv1WeappApplyFooterCategory" classname="com.test.TestKwwXCXService" time="0.159"/>
  <testcase name="v1WeappManagerHeaderNav" classname="com.test.TestKwwXCXService" time="0.175"/>
  <testcase name="Postv1WeappApplyFooterCategory" classname="com.test.TestKwwXCXService" time="0.193"/>
  <testcase name="v1WxThirdPartyHomeClassidAppType2" classname="com.test.TestKwwXCXService" time="0.176"/>
  <testcase name="小程序详情v1WxThirdPartyWeappAppidDetail" classname="com.test.TestKwwXCXService" time="0.465"/>
  <testcase name="getToken" classname="com.test.TestKwwCYService" time="0.272"/>
  <testcase name="applylistToGetappid" classname="com.test.TestKwwCYService" time="0.17"/>
  <testcase name="v1WeappManagerApplyContentLimit" classname="com.test.TestKwwCYService" time="0.162"/>
  <testcase name="邀请v1WeappInviteMember" classname="com.test.TestKwwCYService" time="0.212"/>
  <testcase name="v1MobileWeappUserSearch" classname="com.test.TestKwwCYService" time="0.178"/>
  <testcase name="权限变更v1WeappManagerUserUpdateRole" classname="com.test.TestKwwCYService" time="0.18"/>
  <testcase name="删除成员v1WeappManagerDeleteUser" classname="com.test.TestKwwCYService" time="0.179"/>
  <testcase name="getToken" classname="com.test.TestKwwNRService" time="0.267"/>
  <testcase name="applylistToGetappid" classname="com.test.TestKwwNRService" time="0.166"/>
  <testcase name="资料中心v1WeappMangerFileTotalSize" classname="com.test.TestKwwNRService" time="0.165"/>
  <testcase name="获取uuidWeappUploadToken" classname="com.test.TestKwwNRService" time="0.176"/>
  <testcase name="上传图片v1WeappManagerFile" classname="com.test.TestKwwNRService" time="0.188"/>
  <testcase name="获取图片idv1WeappManagerFileList" classname="com.test.TestKwwNRService" time="0.189"/>
  <testcase name="图片详情v1WeappManagerFileTPid" classname="com.test.TestKwwNRService" time="1.261"/>
  <testcase name="图片删除v1WeappManagerFileDelete" classname="com.test.TestKwwNRService" time="0.448"/>
  <testcase name="获取视频uuidV1WeappManagerFileUploadToken" classname="com.test.TestKwwNRService" time="0.179"/>
  <testcase name="上传视频v1WeappManagerFile" classname="com.test.TestKwwNRService" time="0.176"/>
  <testcase name="视频Listidv1WeappManagerFileLis" classname="com.test.TestKwwNRService" time="0.164"/>
  <testcase name="删除视频v1WeappManagerFile" classname="com.test.TestKwwNRService" time="0.388"/>
  <testcase name="音频Listv1WeappManagerFileList" classname="com.test.TestKwwNRService" time="0.224"/>
  <testcase name="音频获取uuidv1WeappManagerFileUploadToken" classname="com.test.TestKwwNRService" time="0.172"/>
  <testcase name="提交音频V1WeappManagerFile" classname="com.test.TestKwwNRService" time="0.174"/>
  <testcase name="删除音频文件V1WeappManagerFile" classname="com.test.TestKwwNRService" time="0.381"/>
  <testcase name="获取文档uuidv1WeappManagerFileUploadToken" classname="com.test.TestKwwNRService" time="0.195"/>
  <testcase name="上传文档v1WeappManagerFile" classname="com.test.TestKwwNRService" time="0.177"/>
  <testcase name="文档PageListv1WeappManagerFileList" classname="com.test.TestKwwNRService" time="0.186"/>
  <testcase name="文档删除v1WeappManagerFile" classname="com.test.TestKwwNRService" time="0.414"/>
  <testcase name="快捷导航PageListv1WeappManagerQuickNavSearch" classname="com.test.TestKwwNRService" time="0.156"/>
  <testcase name="创建快捷导航v1WeappManagerQuickNav" classname="com.test.TestKwwNRService" time="0.191"/>
  <testcase name="导航重命名v1WeappManagerQuickNavName" classname="com.test.TestKwwNRService" time="0.189"/>
  <testcase name="编辑快捷导航v1WeappManagerQuickNavSetting" classname="com.test.TestKwwNRService" time="0.186"/>
  <testcase name="删除快捷导航v1WeappManagerQuickNav" classname="com.test.TestKwwNRService" time="0.178"/>
  <testcase name="授权内容已授权tabLISTminiProgramCoManagerAuthApplyAuditStatus" classname="com.test.TestKwwNRService" time="1.488"/>
  <testcase name="授权搜索LISTweappManageAuthApplyActivitySearch" classname="com.test.TestKwwNRService" time="0.603"/>
  <testcase name="内容待授权miniProgramCoManagerAuthApplyAuditStatus" classname="com.test.TestKwwNRService" time="1.251"/>
  <testcase name="微页面获取模板weappManagerMicroPagesSysTemplates" classname="com.test.TestKwwNRService" time="0.237"/>
  <testcase name="微页面创建H5v1WeappManagerMicroPages" classname="com.test.TestKwwNRService" time="0.27"/>
  <testcase name="H5设计创建v1WeappManagerMicroPages" classname="com.test.TestKwwNRService" time="0.217"/>
  <testcase name="微页面H5复制weappManagerMicroPages" classname="com.test.TestKwwNRService" time="0.349"/>
  <testcase name="删除微页面H5v1WeappManagerMicroPages" classname="com.test.TestKwwNRService" time="0.214"/>
  <testcase name="发布微页面H5weappManagerMicroPagesPublish" classname="com.test.TestKwwNRService" time="0.257"/>
  <testcase name="删除复制H5weappManagerMicroPages" classname="com.test.TestKwwNRService" time="0.256"/>
  <testcase name="创建微页面长页v1WeappManagerMicroPages" classname="com.test.TestKwwNRService" time="0.201"/>
  <testcase name="微页面创建发布长页v1WeappManagerMicroPages" classname="com.test.TestKwwNRService" time="0.206"/>
  <testcase name="微页面复制长页weappManagerMicroPagesCopy" classname="com.test.TestKwwNRService" time="0.235"/>
  <testcase name="删除微页面长页v1WeappManagerMicroPagesCYID" classname="com.test.TestKwwNRService" time="0.191"/>
  <testcase name="微页面长页发布v1WeappManagerMicroPagesPublish" classname="com.test.TestKwwNRService" time="0.182"/>
  <testcase name="删除微页面复制长页weappManagerMicroPagesCopycyid" classname="com.test.TestKwwNRService" time="0.182"/>
  <testcase name="微页面创建电脑网站weappManagerMicroPages" classname="com.test.TestKwwNRService" time="0.198"/>
  <testcase name="发布微页面网站v1WeappManagerMicroPages" classname="com.test.TestKwwNRService" time="0.186"/>
  <testcase name="微页面网站复制weappManagerMicroPagesCopy" classname="com.test.TestKwwNRService" time="0.213"/>
  <testcase name="删除网站页面v1WeappManagerMicroPages" classname="com.test.TestKwwNRService" time="0.175"/>
  <testcase name="微页面网站发布weappManagerMicroPagesPublish" classname="com.test.TestKwwNRService" time="0.176"/>
  <testcase name="删除复制网站页weappManagerMicroPages" classname="com.test.TestKwwNRService" time="0.189"/>
  <testcase name="getToken" classname="com.test.TestKwwYYService" time="0.801"/>
  <testcase name="applylistToGetappid" classname="com.test.TestKwwYYService" time="0.183"/>
  <testcase name="AI助手LISTweappManagerAiAssistantList" classname="com.test.TestKwwYYService" time="0.177"/>
  <testcase name="创建AI助手weappManagerAiAssistant" classname="com.test.TestKwwYYService" time="1.441"/>
  <testcase name="AI内容库添加内容weappManagerAiAssistantLibrary" classname="com.test.TestKwwYYService" time="3.139"/>
  <testcase name="AI助手内容库ListWeappManagerAiAssistantLibraryList" classname="com.test.TestKwwYYService" time="0.174"/>
  <testcase name="AI助手内容库内容同步managerAiAssistantUnsyncCountAssistantId" classname="com.test.TestKwwYYService" time="0.167"/>
  <testcase name="内容库删除managerAiAssistantLibraryNRID" classname="com.test.TestKwwYYService" time="4.123"/>
  <testcase name="AI助手提问v2AiQuestionAnswer" classname="com.test.TestKwwYYService" time="0.373"/>
  <testcase name="AI助手设置weappManagerAiAssistantDetail" classname="com.test.TestKwwYYService" time="0.183"/>
  <testcase name="修改AI助手weappManagerAiAssistant" classname="com.test.TestKwwYYService" time="0.41"/>
  <testcase name="AI助手查看分析数据weappManagerAiAssistantQuestionAnswerList" classname="com.test.TestKwwYYService" time="0.168"/>
  <testcase name="AI助手回答点赞踩统计weappManagerAiAssistantQuestionAnswerLikeNumber" classname="com.test.TestKwwYYService" time="0.159"/>
  <testcase name="删除AI助手weappManagerAiAssistant" classname="com.test.TestKwwYYService" time="0.599"/>
  <testcase name="订单查询managerMallOrdersSearch" classname="com.test.TestKwwYYService" time="0.169"/>
  <testcase name="推广员已通过审核LISTmanagerMarketCenterSalesListAuditStatus1" classname="com.test.TestKwwYYService" time="0.178"/>
  <testcase name="推广员待审核LISTmanagerMarketCenterSalesListAuditStatus2" classname="com.test.TestKwwYYService" time="0.169"/>
  <testcase name="推广内容LISTweappMarketCenterProductList" classname="com.test.TestKwwYYService" time="0.172"/>
  <testcase name="添加推广内容weappManagerMarketCenterProduct" classname="com.test.TestKwwYYService" time="0.196"/>
  <testcase name="编辑推广内容weappManagerMarketCenterProduct" classname="com.test.TestKwwYYService" time="0.18"/>
  <testcase name="删除推广内容managerMarketCenterProductId" classname="com.test.TestKwwYYService" time="0.184"/>
  <testcase name="招募计划确认编辑weappManagerMarketCenterRecruitment" classname="com.test.TestKwwYYService" time="0.176"/>
  <testcase name="提现管理未打款LISTweappManagerMarketCenterSalesWithdrawSearch" classname="com.test.TestKwwYYService" time="0.18"/>
  <testcase name="提现管理已打款weappManagerMarketCenterSalesWithdrawSearchPage1" classname="com.test.TestKwwYYService" time="0.172"/>
  <testcase name="提现管理已拒绝weappManagerMarketCenterSalesWithdrawSearchPage1" classname="com.test.TestKwwYYService" time="0.174"/>
  <testcase name="钱包流水记录LISTweappManagerWalletFlowSearch" classname="com.test.TestKwwYYService" time="0.171"/>
  <testcase name="用户分类管理用户列表weappManagerCollectionResultSearch" classname="com.test.TestKwwYYService" time="0.182"/>
  <testcase name="用户列表导出数据weappManagerCollectionResultExport" classname="com.test.TestKwwYYService" time="0.233"/>
  <testcase name="采集信息设置weappManagerCollectionConfig" classname="com.test.TestKwwYYService" time="0.192"/>
  <testcase name="添加会员卡weappManagerPaySetting" classname="com.test.TestKwwYYService" time="0.185"/>
  <testcase name="会员卡设置LISTweappManagerPaySettingList" classname="com.test.TestKwwYYService" time="0.169"/>
  <testcase name="删除会员卡weappManagerPaySettingId" classname="com.test.TestKwwYYService" time="0.171"/>
  <testcase name="付费折扣权益添加商品weappManagerPaySettingDiscountItemBatchAdd" classname="com.test.TestKwwYYService" time="0.212"/>
  <testcase name="付费折扣权益LISTmanagerPaySettingDiscountItemList" classname="com.test.TestKwwYYService" time="0.164"/>
  <testcase name="付费折扣权益商品移除weappManagerPaySettingDiscountItem" classname="com.test.TestKwwYYService" time="0.174"/>
  <testcase name="getToken" classname="com.test.TestKwwJXService" time="0.253"/>
  <testcase name="applylistToGetappid" classname="com.test.TestKwwJXService" time="0.163"/>
  <testcase name="班级管理创建weappManagerClassCreateInfo" classname="com.test.TestKwwJXService" time="0.174"/>
  <testcase name="班级添加班主任weappManagerClassisManager1" classname="com.test.TestKwwJXService" time="0.195"/>
  <testcase name="班级添加教师weappManagerClassisManager0" classname="com.test.TestKwwJXService" time="0.207"/>
  <testcase name="班级中角色listManagerClassAllMembers" classname="com.test.TestKwwJXService" time="0.181"/>
  <testcase name="班级管理通知weappClassNotifys" classname="com.test.TestKwwJXService" time="0.184"/>
  <testcase name="班级管理ListManagerClassClassInfosPage" classname="com.test.TestKwwJXService" time="0.178"/>
  <testcase name="班级管理删除班级weappManagerClassClassInfoId" classname="com.test.TestKwwJXService" time="0.246"/>
  <testcase name="教师管理添加教师weappManagerClassTeacher" classname="com.test.TestKwwJXService" time="0.184"/>
  <testcase name="教师管理删除教师weappManagerClassTeacherId" classname="com.test.TestKwwJXService" time="0.186"/>
  <testcase name="教师管理LISTmanagerClassTeachers" classname="com.test.TestKwwJXService" time="0.193"/>
  <testcase name="发布通知weappManagerClassNotifyNotice" classname="com.test.TestKwwJXService" time="0.424"/>
  <testcase name="发布通知ListWeappManagerClassNotifyList" classname="com.test.TestKwwJXService" time="0.183"/>
</testsuite>