<?xml version="1.0" encoding="UTF-8"?>
<testsuite xmlns:xsi="http://www.w3.org/2001/XMLSchema-instance" xsi:noNamespaceSchemaLocation="https://maven.apache.org/surefire/maven-surefire-plugin/xsd/surefire-test-report.xsd" name="TestSuite" time="19.926" tests="40" errors="0" skipped="0" failures="0">
  <properties>
[...]
</properties>
  <testcase name="deletereceiveraddress" classname="com.test.TestGateWayService" time="5.473"/>
  <testcase name="getactivityurl" classname="com.test.TestGateWayService" time="0.368"/>
  <testcase name="getadvertisementimage" classname="com.test.TestGateWayService" time="0.366"/>
  <testcase name="getallcity" classname="com.test.TestGateWayService" time="0.883"/>
  <testcase name="getallreceiveraddress" classname="com.test.TestGateWayService" time="0.294"/>
  <testcase name="getcontributiondeaillist" classname="com.test.TestGateWayService" time="0.375"/>
  <testcase name="getexchangelist" classname="com.test.TestGateWayService" time="0.241"/>
  <testcase name="getinfo兑换详情" classname="com.test.TestGateWayService" time="0.44"/>
  <testcase name="getjoblist" classname="com.test.TestGateWayService" time="0.206"/>
  <testcase name="getmyapplycourselist" classname="com.test.TestGateWayService" time="0.276"/>
  <testcase name="getquestions" classname="com.test.TestGateWayService" time="0.371"/>
  <testcase name="gettaskinfo" classname="com.test.TestGateWayService" time="0.408"/>
  <testcase name="savereceiveraddress" classname="com.test.TestGateWayService" time="0.452"/>
  <testcase name="addbankcards" classname="com.test.TestStaffingService" time="0.191"/>
  <testcase name="getadvertisementimage" classname="com.test.TestStaffingService" time="0.271"/>
  <testcase name="getbankcards" classname="com.test.TestStaffingService" time="0.213"/>
  <testcase name="getpersonalsummaryInfo" classname="com.test.TestStaffingService" time="0.316"/>
  <testcase name="gettaskfavorite" classname="com.test.TestStaffingService" time="0.261"/>
  <testcase name="issubscribewxservice服务号" classname="com.test.TestStaffingService" time="0.247"/>
  <testcase name="v531Getinfo" classname="com.test.TestStaffingService" time="1.149"/>
  <testcase name="个人信息" classname="com.test.TestStaffingService" time="1.086"/>
  <testcase name="任务列表" classname="com.test.TestStaffingService" time="0.216"/>
  <testcase name="任务详情" classname="com.test.TestStaffingService" time="0.215"/>
  <testcase name="协议gettaskagreements" classname="com.test.TestStaffingService" time="0.17"/>
  <testcase name="合作详情已结束" classname="com.test.TestStaffingService" time="0.233"/>
  <testcase name="我的报名信息" classname="com.test.TestStaffingService" time="0.193"/>
  <testcase name="我的签约信息" classname="com.test.TestStaffingService" time="0.299"/>
  <testcase name="报名详情" classname="com.test.TestStaffingService" time="0.18"/>
  <testcase name="Merchant合作商户" classname="com.test.TestWnsService" time="0.216"/>
  <testcase name="getcontent" classname="com.test.TestWnsService" time="0.188"/>
  <testcase name="getidcardinfo" classname="com.test.TestWnsService" time="0.202"/>
  <testcase name="getmobiles" classname="com.test.TestWnsService" time="0.268"/>
  <testcase name="getnotsettleinfo" classname="com.test.TestWnsService" time="0.209"/>
  <testcase name="getsettlementscount" classname="com.test.TestWnsService" time="0.269"/>
  <testcase name="我的签约wns" classname="com.test.TestWnsService" time="0.191"/>
  <testcase name="打款失败订单" classname="com.test.TestWnsService" time="0.172"/>
  <testcase name="批量结算列表" classname="com.test.TestWnsService" time="0.219"/>
  <testcase name="服务号ssubscribewxservice" classname="com.test.TestWnsService" time="0.22"/>
  <testcase name="结算收入" classname="com.test.TestWnsService" time="0.207"/>
  <testcase name="获取个人信息" classname="com.test.TestWnsService" time="1.074"/>
</testsuite>